[24-Feb-2015 11:26:11 UTC] PHP Fatal error:  Cannot redeclare wrapStringX() (previously declared in /home/ubuntu/workspace/test.php:73) in /home/ubuntu/workspace/test.php on line 82
[24-Feb-2015 11:26:35 UTC] PHP Fatal error:  Cannot redeclare wrapStringX() (previously declared in /home/ubuntu/workspace/test.php:73) in /home/ubuntu/workspace/test.php on line 82
[24-Feb-2015 11:30:15 UTC] PHP Fatal error:  Cannot redeclare wrapStringX() (previously declared in /home/ubuntu/workspace/test.php:73) in /home/ubuntu/workspace/test.php on line 82
[24-Feb-2015 11:31:29 UTC] PHP Fatal error:  Cannot redeclare wrapStringX() (previously declared in /home/ubuntu/workspace/test.php:73) in /home/ubuntu/workspace/test.php on line 82
[24-Feb-2015 11:56:01 UTC] PHP Parse error:  syntax error, unexpected '\' (T_NS_SEPARATOR), expecting ',' or ';' in /home/ubuntu/workspace/test.php on line 53
[24-Feb-2015 12:01:23 UTC] PHP Fatal error:  Call to undefined function appendX() in /home/ubuntu/workspace/test.php on line 83
[25-Feb-2015 04:43:22 UTC] PHP Warning:  file_get_contents(mithprices.txt): failed to open stream: No such file or directory in /home/ubuntu/workspace/show-prices.php on line 3
[25-Feb-2015 04:43:22 UTC] PHP Notice:  Undefined offset: 1 in /home/ubuntu/workspace/show-prices.php on line 4
[25-Feb-2015 04:43:22 UTC] PHP Notice:  Undefined offset: 2 in /home/ubuntu/workspace/show-prices.php on line 4
[25-Feb-2015 04:43:22 UTC] PHP Notice:  Array to string conversion in /home/ubuntu/workspace/show-prices.php on line 28
[25-Feb-2015 04:47:19 UTC] PHP Notice:  Array to string conversion in /home/ubuntu/workspace/show-prices.php on line 30
[25-Feb-2015 04:50:47 UTC] PHP Notice:  Array to string conversion in /home/ubuntu/workspace/show-prices.php on line 34
[25-Feb-2015 04:52:36 UTC] PHP Notice:  Array to string conversion in /home/ubuntu/workspace/show-prices.php on line 8
[25-Feb-2015 04:52:36 UTC] PHP Notice:  Array to string conversion in /home/ubuntu/workspace/show-prices.php on line 37
[25-Feb-2015 04:55:11 UTC] PHP Notice:  Array to string conversion in /home/ubuntu/workspace/show-prices.php on line 8
[25-Feb-2015 04:55:11 UTC] PHP Notice:  Array to string conversion in /home/ubuntu/workspace/show-prices.php on line 37
[25-Feb-2015 04:56:24 UTC] PHP Notice:  Array to string conversion in /home/ubuntu/workspace/show-prices.php on line 37
[25-Feb-2015 04:57:18 UTC] PHP Notice:  Array to string conversion in /home/ubuntu/workspace/show-prices.php on line 37
[25-Feb-2015 04:58:07 UTC] PHP Notice:  Array to string conversion in /home/ubuntu/workspace/show-prices.php on line 37
[25-Feb-2015 05:02:44 UTC] PHP Notice:  Array to string conversion in /home/ubuntu/workspace/show-prices.php on line 39
[25-Feb-2015 05:03:15 UTC] PHP Notice:  Array to string conversion in /home/ubuntu/workspace/show-prices.php on line 39
[25-Feb-2015 05:05:30 UTC] PHP Notice:  Array to string conversion in /home/ubuntu/workspace/show-prices.php on line 41
[25-Feb-2015 08:15:10 UTC] PHP Notice:  Array to string conversion in /home/ubuntu/workspace/show-prices.php on line 20
[25-Feb-2015 08:15:10 UTC] PHP Notice:  Undefined variable: totalMithCost in /home/ubuntu/workspace/show-prices.php on line 22
[25-Feb-2015 08:16:18 UTC] PHP Notice:  Array to string conversion in /home/ubuntu/workspace/show-prices.php on line 20
[25-Feb-2015 08:23:54 UTC] PHP Parse error:  syntax error, unexpected 'echo' (T_ECHO) in /home/ubuntu/workspace/show-prices.php on line 68
[25-Feb-2015 08:24:33 UTC] PHP Parse error:  syntax error, unexpected 'echo' (T_ECHO) in /home/ubuntu/workspace/show-prices.php on line 68
[25-Feb-2015 08:27:23 UTC] PHP Notice:  Array to string conversion in /home/ubuntu/workspace/show-prices.php on line 67
[25-Feb-2015 08:27:23 UTC] PHP Fatal error:  Unsupported operand types in /home/ubuntu/workspace/show-prices.php on line 68
[25-Feb-2015 09:10:47 UTC] PHP Notice:  Array to string conversion in /home/ubuntu/workspace/show-prices.php on line 25
[25-Feb-2015 09:12:04 UTC] PHP Notice:  Array to string conversion in /home/ubuntu/workspace/show-prices.php on line 26
[25-Feb-2015 09:13:15 UTC] PHP Fatal error:  Unsupported operand types in /home/ubuntu/workspace/show-prices.php on line 23
[25-Feb-2015 09:15:27 UTC] PHP Notice:  Array to string conversion in /home/ubuntu/workspace/show-prices.php on line 26
[25-Feb-2015 09:18:20 UTC] PHP Notice:  Array to string conversion in /home/ubuntu/workspace/show-prices.php on line 28
[25-Feb-2015 10:16:51 UTC] PHP Warning:  Missing argument 2 for coinConverter(), called in /home/ubuntu/workspace/show-prices.php on line 44 and defined in /home/ubuntu/workspace/show-prices.php on line 55
[25-Feb-2015 10:16:51 UTC] PHP Warning:  Missing argument 3 for coinConverter(), called in /home/ubuntu/workspace/show-prices.php on line 44 and defined in /home/ubuntu/workspace/show-prices.php on line 55
[25-Feb-2015 10:16:51 UTC] PHP Fatal error:  Unsupported operand types in /home/ubuntu/workspace/show-prices.php on line 56
[25-Feb-2015 10:24:26 UTC] PHP Notice:  Undefined variable: totalIngotCost in /home/ubuntu/workspace/show-prices.php on line 93
[25-Feb-2015 10:24:26 UTC] PHP Notice:  Undefined variable: totalIngotCost in /home/ubuntu/workspace/show-prices.php on line 93
[25-Feb-2015 10:24:26 UTC] PHP Notice:  Undefined variable: totalIngotCost in /home/ubuntu/workspace/show-prices.php on line 93
[25-Feb-2015 10:41:39 UTC] PHP Notice:  Undefined variable: totalIngotCost in /home/ubuntu/workspace/show-prices.php on line 93
[25-Feb-2015 10:41:39 UTC] PHP Notice:  Undefined variable: totalIngotCost in /home/ubuntu/workspace/show-prices.php on line 93
[25-Feb-2015 10:41:39 UTC] PHP Notice:  Undefined variable: totalIngotCost in /home/ubuntu/workspace/show-prices.php on line 93
[25-Feb-2015 11:37:17 UTC] PHP Fatal error:  Call to undefined function coinConverter() in /home/ubuntu/workspace/show-prices.php on line 15
[25-Feb-2015 11:38:01 UTC] PHP Fatal error:  Call to undefined function coinConverter() in /home/ubuntu/workspace/show-prices.php on line 15
[25-Feb-2015 11:38:34 UTC] PHP Notice:  Undefined variable: mithPrices in /home/ubuntu/workspace/test.php on line 125
[25-Feb-2015 11:39:08 UTC] PHP Parse error:  syntax error, unexpected ',' in /home/ubuntu/workspace/test.php on line 125
[25-Feb-2015 11:40:22 UTC] PHP Fatal error:  Call to undefined function coinConverter() in /home/ubuntu/workspace/show-prices.php on line 15
[25-Feb-2015 11:46:05 UTC] PHP Fatal error:  Call to undefined function cointToInt() in /home/ubuntu/workspace/show-prices.php on line 15
[25-Feb-2015 11:47:19 UTC] PHP Notice:  Undefined variable: totalIngotCost in /home/ubuntu/workspace/show-prices.php on line 99
[25-Feb-2015 11:47:19 UTC] PHP Notice:  Undefined variable: totalIngotCost in /home/ubuntu/workspace/show-prices.php on line 99
[25-Feb-2015 11:47:19 UTC] PHP Notice:  Undefined variable: totalIngotCost in /home/ubuntu/workspace/show-prices.php on line 99
[25-Feb-2015 11:57:46 UTC] PHP Notice:  Undefined variable: totalIngotCost in /home/ubuntu/workspace/show-prices.php on line 99
[25-Feb-2015 11:57:46 UTC] PHP Notice:  Undefined variable: totalIngotCost in /home/ubuntu/workspace/show-prices.php on line 99
[25-Feb-2015 11:57:46 UTC] PHP Notice:  Undefined variable: totalIngotCost in /home/ubuntu/workspace/show-prices.php on line 99
[25-Feb-2015 12:12:47 UTC] PHP Notice:  Undefined variable: totalIngotCost in /home/ubuntu/workspace/show-prices.php on line 99
[25-Feb-2015 12:12:47 UTC] PHP Notice:  Undefined variable: totalIngotCost in /home/ubuntu/workspace/show-prices.php on line 99
[25-Feb-2015 12:12:47 UTC] PHP Notice:  Undefined variable: totalIngotCost in /home/ubuntu/workspace/show-prices.php on line 99
[25-Feb-2015 12:12:58 UTC] PHP Notice:  Undefined variable: totalIngotCost in /home/ubuntu/workspace/show-prices.php on line 99
[25-Feb-2015 12:12:58 UTC] PHP Notice:  Undefined variable: totalIngotCost in /home/ubuntu/workspace/show-prices.php on line 99
[25-Feb-2015 12:12:58 UTC] PHP Notice:  Undefined variable: totalIngotCost in /home/ubuntu/workspace/show-prices.php on line 99
[25-Feb-2015 12:45:56 UTC] PHP Notice:  Undefined variable: totalIngotCost in /home/ubuntu/workspace/show-prices.php on line 98
[25-Feb-2015 12:45:56 UTC] PHP Notice:  Undefined variable: totalIngotCost in /home/ubuntu/workspace/show-prices.php on line 98
[25-Feb-2015 12:45:56 UTC] PHP Notice:  Undefined variable: totalIngotCost in /home/ubuntu/workspace/show-prices.php on line 98
[25-Feb-2015 12:55:26 UTC] PHP Notice:  Undefined variable: totalIngotCost in /home/ubuntu/workspace/show-prices.php on line 112
[25-Feb-2015 12:55:26 UTC] PHP Notice:  Undefined variable: totalIngotCost in /home/ubuntu/workspace/show-prices.php on line 112
[25-Feb-2015 12:55:26 UTC] PHP Notice:  Undefined variable: totalIngotCost in /home/ubuntu/workspace/show-prices.php on line 112
[25-Feb-2015 12:57:00 UTC] PHP Notice:  Undefined variable: totalIngotCost in /home/ubuntu/workspace/show-prices.php on line 112
[25-Feb-2015 12:57:00 UTC] PHP Notice:  Undefined variable: totalIngotCost in /home/ubuntu/workspace/show-prices.php on line 112
[25-Feb-2015 12:57:00 UTC] PHP Notice:  Undefined variable: totalIngotCost in /home/ubuntu/workspace/show-prices.php on line 112
[25-Feb-2015 13:02:15 UTC] PHP Notice:  Undefined variable: totalIngotCost in /home/ubuntu/workspace/show-prices.php on line 120
[25-Feb-2015 13:02:15 UTC] PHP Notice:  Undefined variable: totalIngotCost in /home/ubuntu/workspace/show-prices.php on line 120
[25-Feb-2015 13:02:15 UTC] PHP Notice:  Undefined variable: totalIngotCost in /home/ubuntu/workspace/show-prices.php on line 120
[25-Feb-2015 13:08:14 UTC] PHP Notice:  Undefined variable: totalIngotCost in /home/ubuntu/workspace/show-prices.php on line 104
[25-Feb-2015 13:08:14 UTC] PHP Notice:  Undefined variable: totalIngotCost in /home/ubuntu/workspace/show-prices.php on line 104
[25-Feb-2015 13:08:14 UTC] PHP Notice:  Undefined variable: totalIngotCost in /home/ubuntu/workspace/show-prices.php on line 104
[25-Feb-2015 13:11:27 UTC] PHP Notice:  Undefined variable: totalIngotCost in /home/ubuntu/workspace/show-prices.php on line 104
[25-Feb-2015 13:11:27 UTC] PHP Notice:  Undefined variable: totalIngotCost in /home/ubuntu/workspace/show-prices.php on line 104
[25-Feb-2015 13:11:27 UTC] PHP Notice:  Undefined variable: totalIngotCost in /home/ubuntu/workspace/show-prices.php on line 104
[25-Feb-2015 13:12:03 UTC] PHP Notice:  Undefined variable: totalIngotCost in /home/ubuntu/workspace/show-prices.php on line 104
[25-Feb-2015 13:12:03 UTC] PHP Notice:  Undefined variable: totalIngotCost in /home/ubuntu/workspace/show-prices.php on line 104
[25-Feb-2015 13:12:03 UTC] PHP Notice:  Undefined variable: totalIngotCost in /home/ubuntu/workspace/show-prices.php on line 104
[25-Feb-2015 13:14:16 UTC] PHP Notice:  Undefined variable: totalIngotCost in /home/ubuntu/workspace/show-prices.php on line 104
[25-Feb-2015 13:14:16 UTC] PHP Notice:  Undefined variable: totalIngotCost in /home/ubuntu/workspace/show-prices.php on line 104
[25-Feb-2015 13:14:16 UTC] PHP Notice:  Undefined variable: totalIngotCost in /home/ubuntu/workspace/show-prices.php on line 104
[25-Feb-2015 13:18:17 UTC] PHP Notice:  Undefined variable: totalIngotCost in /home/ubuntu/workspace/show-prices.php on line 104
[25-Feb-2015 13:18:17 UTC] PHP Notice:  Undefined variable: totalIngotCost in /home/ubuntu/workspace/show-prices.php on line 104
[25-Feb-2015 13:18:17 UTC] PHP Notice:  Undefined variable: totalIngotCost in /home/ubuntu/workspace/show-prices.php on line 104
[25-Feb-2015 13:19:03 UTC] PHP Notice:  Undefined variable: totalIngotCost in /home/ubuntu/workspace/show-prices.php on line 104
[25-Feb-2015 13:19:03 UTC] PHP Notice:  Undefined variable: totalIngotCost in /home/ubuntu/workspace/show-prices.php on line 104
[25-Feb-2015 13:19:03 UTC] PHP Notice:  Undefined variable: totalIngotCost in /home/ubuntu/workspace/show-prices.php on line 104
[25-Feb-2015 13:21:32 UTC] PHP Notice:  Undefined variable: totalIngotCost in /home/ubuntu/workspace/show-prices.php on line 104
[25-Feb-2015 13:21:32 UTC] PHP Notice:  Undefined variable: totalIngotCost in /home/ubuntu/workspace/show-prices.php on line 104
[25-Feb-2015 13:21:32 UTC] PHP Notice:  Undefined variable: totalIngotCost in /home/ubuntu/workspace/show-prices.php on line 104
[25-Feb-2015 13:21:32 UTC] PHP Fatal error:  Call to undefined function inToCoinString() in /home/ubuntu/workspace/show-prices.php on line 113
[25-Feb-2015 13:21:58 UTC] PHP Notice:  Undefined variable: totalIngotCost in /home/ubuntu/workspace/show-prices.php on line 104
[25-Feb-2015 13:21:58 UTC] PHP Notice:  Undefined variable: totalIngotCost in /home/ubuntu/workspace/show-prices.php on line 104
[25-Feb-2015 13:21:58 UTC] PHP Notice:  Undefined variable: totalIngotCost in /home/ubuntu/workspace/show-prices.php on line 104
[25-Feb-2015 13:22:35 UTC] PHP Notice:  Undefined variable: totalIngotCost in /home/ubuntu/workspace/show-prices.php on line 104
[25-Feb-2015 13:22:35 UTC] PHP Notice:  Undefined variable: totalIngotCost in /home/ubuntu/workspace/show-prices.php on line 104
[25-Feb-2015 13:22:35 UTC] PHP Notice:  Undefined variable: totalIngotCost in /home/ubuntu/workspace/show-prices.php on line 104
[25-Feb-2015 14:15:19 UTC] PHP Notice:  Undefined index: price_elder_gold in /home/ubuntu/workspace/as-array.php on line 30
[25-Feb-2015 14:15:19 UTC] PHP Notice:  Undefined index: price_elder_slvr in /home/ubuntu/workspace/as-array.php on line 30
[25-Feb-2015 14:15:19 UTC] PHP Notice:  Undefined index: price_elder_cppr in /home/ubuntu/workspace/as-array.php on line 30
[25-Feb-2015 14:15:19 UTC] PHP Notice:  Undefined index: price_soft_gold in /home/ubuntu/workspace/as-array.php on line 34
[25-Feb-2015 14:15:19 UTC] PHP Notice:  Undefined index: price_soft_slvr in /home/ubuntu/workspace/as-array.php on line 34
[25-Feb-2015 14:15:19 UTC] PHP Notice:  Undefined index: price_soft_cppr in /home/ubuntu/workspace/as-array.php on line 34
[25-Feb-2015 14:15:19 UTC] PHP Notice:  Undefined index: price_seasoned_gold in /home/ubuntu/workspace/as-array.php on line 38
[25-Feb-2015 14:15:19 UTC] PHP Notice:  Undefined index: price_seasoned_slvr in /home/ubuntu/workspace/as-array.php on line 38
[25-Feb-2015 14:15:19 UTC] PHP Notice:  Undefined index: price_seasoned_cppr in /home/ubuntu/workspace/as-array.php on line 38
[25-Feb-2015 14:15:19 UTC] PHP Notice:  Undefined index: price_hard_gold in /home/ubuntu/workspace/as-array.php on line 42
[25-Feb-2015 14:15:19 UTC] PHP Notice:  Undefined index: price_hard_slvr in /home/ubuntu/workspace/as-array.php on line 42
[25-Feb-2015 14:15:19 UTC] PHP Notice:  Undefined index: price_hard_cppr in /home/ubuntu/workspace/as-array.php on line 42
[25-Feb-2015 14:25:26 UTC] PHP Notice:  Undefined index: price_elder_slvr in /home/ubuntu/workspace/as-array.php on line 30
[25-Feb-2015 14:25:26 UTC] PHP Notice:  Undefined index: price_elder_cppr in /home/ubuntu/workspace/as-array.php on line 30
[25-Feb-2015 14:25:26 UTC] PHP Notice:  Undefined index: price_soft_gold in /home/ubuntu/workspace/as-array.php on line 34
[25-Feb-2015 14:25:26 UTC] PHP Notice:  Undefined index: price_soft_slvr in /home/ubuntu/workspace/as-array.php on line 34
[25-Feb-2015 14:25:26 UTC] PHP Notice:  Undefined index: price_soft_cppr in /home/ubuntu/workspace/as-array.php on line 34
[25-Feb-2015 14:25:26 UTC] PHP Notice:  Undefined index: price_seasoned_gold in /home/ubuntu/workspace/as-array.php on line 38
[25-Feb-2015 14:25:26 UTC] PHP Notice:  Undefined index: price_seasoned_slvr in /home/ubuntu/workspace/as-array.php on line 38
[25-Feb-2015 14:25:26 UTC] PHP Notice:  Undefined index: price_seasoned_cppr in /home/ubuntu/workspace/as-array.php on line 38
[25-Feb-2015 14:25:26 UTC] PHP Notice:  Undefined index: price_hard_gold in /home/ubuntu/workspace/as-array.php on line 42
[25-Feb-2015 14:25:26 UTC] PHP Notice:  Undefined index: price_hard_slvr in /home/ubuntu/workspace/as-array.php on line 42
[25-Feb-2015 14:25:26 UTC] PHP Notice:  Undefined index: price_hard_cppr in /home/ubuntu/workspace/as-array.php on line 42
[25-Feb-2015 14:26:57 UTC] PHP Notice:  Undefined index: price_elder_cppr in /home/ubuntu/workspace/as-array.php on line 30
[25-Feb-2015 14:26:57 UTC] PHP Notice:  Undefined index: price_soft_gold in /home/ubuntu/workspace/as-array.php on line 34
[25-Feb-2015 14:26:57 UTC] PHP Notice:  Undefined index: price_soft_slvr in /home/ubuntu/workspace/as-array.php on line 34
[25-Feb-2015 14:26:57 UTC] PHP Notice:  Undefined index: price_soft_cppr in /home/ubuntu/workspace/as-array.php on line 34
[25-Feb-2015 14:26:57 UTC] PHP Notice:  Undefined index: price_seasoned_gold in /home/ubuntu/workspace/as-array.php on line 38
[25-Feb-2015 14:26:57 UTC] PHP Notice:  Undefined index: price_seasoned_slvr in /home/ubuntu/workspace/as-array.php on line 38
[25-Feb-2015 14:26:57 UTC] PHP Notice:  Undefined index: price_seasoned_cppr in /home/ubuntu/workspace/as-array.php on line 38
[25-Feb-2015 14:26:57 UTC] PHP Notice:  Undefined index: price_hard_gold in /home/ubuntu/workspace/as-array.php on line 42
[25-Feb-2015 14:26:57 UTC] PHP Notice:  Undefined index: price_hard_slvr in /home/ubuntu/workspace/as-array.php on line 42
[25-Feb-2015 14:26:57 UTC] PHP Notice:  Undefined index: price_hard_cppr in /home/ubuntu/workspace/as-array.php on line 42
[25-Feb-2015 14:27:34 UTC] PHP Notice:  Undefined index: price_soft_gold in /home/ubuntu/workspace/as-array.php on line 34
[25-Feb-2015 14:27:34 UTC] PHP Notice:  Undefined index: price_soft_slvr in /home/ubuntu/workspace/as-array.php on line 34
[25-Feb-2015 14:27:34 UTC] PHP Notice:  Undefined index: price_soft_cppr in /home/ubuntu/workspace/as-array.php on line 34
[25-Feb-2015 14:27:34 UTC] PHP Notice:  Undefined index: price_seasoned_gold in /home/ubuntu/workspace/as-array.php on line 38
[25-Feb-2015 14:27:34 UTC] PHP Notice:  Undefined index: price_seasoned_slvr in /home/ubuntu/workspace/as-array.php on line 38
[25-Feb-2015 14:27:34 UTC] PHP Notice:  Undefined index: price_seasoned_cppr in /home/ubuntu/workspace/as-array.php on line 38
[25-Feb-2015 14:27:34 UTC] PHP Notice:  Undefined index: price_hard_gold in /home/ubuntu/workspace/as-array.php on line 42
[25-Feb-2015 14:27:34 UTC] PHP Notice:  Undefined index: price_hard_slvr in /home/ubuntu/workspace/as-array.php on line 42
[25-Feb-2015 14:27:34 UTC] PHP Notice:  Undefined index: price_hard_cppr in /home/ubuntu/workspace/as-array.php on line 42
[26-Feb-2015 03:11:30 UTC] PHP Fatal error:  Call to undefined function intoToCoinString() in /home/ubuntu/workspace/show-prices.php on line 174
[26-Feb-2015 08:00:32 UTC] PHP Notice:  Undefined offset: 7 in /home/ubuntu/workspace/get-prices.php on line 94
[26-Feb-2015 08:00:32 UTC] PHP Notice:  Undefined offset: 8 in /home/ubuntu/workspace/get-prices.php on line 95
[26-Feb-2015 08:00:32 UTC] PHP Notice:  Undefined offset: 9 in /home/ubuntu/workspace/get-prices.php on line 96
[26-Feb-2015 08:00:32 UTC] PHP Notice:  Undefined offset: 10 in /home/ubuntu/workspace/get-prices.php on line 97
[26-Feb-2015 08:02:44 UTC] PHP Notice:  Undefined variable: silkThreadTotal in /home/ubuntu/workspace/show-prices.php on line 251
[26-Feb-2015 08:05:45 UTC] PHP Notice:  Undefined variable: silkResidueTotal in /home/ubuntu/workspace/show-prices.php on line 100
[26-Feb-2015 08:35:39 UTC] PHP Notice:  Undefined offset: 11 in /home/ubuntu/workspace/get-prices.php on line 118
[26-Feb-2015 08:35:39 UTC] PHP Notice:  Undefined offset: 12 in /home/ubuntu/workspace/get-prices.php on line 119
[26-Feb-2015 08:35:39 UTC] PHP Notice:  Undefined offset: 13 in /home/ubuntu/workspace/get-prices.php on line 120
[26-Feb-2015 08:37:53 UTC] PHP Notice:  Undefined offset: 11 in /home/ubuntu/workspace/get-prices.php on line 118
[26-Feb-2015 08:37:53 UTC] PHP Notice:  Undefined offset: 12 in /home/ubuntu/workspace/get-prices.php on line 119
[26-Feb-2015 08:37:53 UTC] PHP Notice:  Undefined offset: 13 in /home/ubuntu/workspace/get-prices.php on line 120
[26-Feb-2015 10:06:41 UTC] PHP Fatal error:  Unsupported operand types in /home/ubuntu/workspace/show-prices.php on line 127
[26-Feb-2015 10:07:32 UTC] PHP Fatal error:  Unsupported operand types in /home/ubuntu/workspace/show-prices.php on line 127
[26-Feb-2015 10:08:58 UTC] PHP Fatal error:  Unsupported operand types in /home/ubuntu/workspace/show-prices.php on line 143
[26-Feb-2015 10:10:27 UTC] PHP Fatal error:  Unsupported operand types in /home/ubuntu/workspace/show-prices.php on line 143
[27-Feb-2015 16:01:36 UTC] PHP Notice:  Undefined index: mith in /home/ubuntu/workspace/show-prices.php on line 13
[27-Feb-2015 16:01:36 UTC] PHP Notice:  Undefined index: iron in /home/ubuntu/workspace/show-prices.php on line 20
[27-Feb-2015 16:01:36 UTC] PHP Notice:  Undefined index: plat in /home/ubuntu/workspace/show-prices.php on line 30
[27-Feb-2015 16:01:36 UTC] PHP Notice:  Undefined index: elder in /home/ubuntu/workspace/show-prices.php on line 43
[27-Feb-2015 16:01:36 UTC] PHP Notice:  Undefined index: soft in /home/ubuntu/workspace/show-prices.php on line 50
[27-Feb-2015 16:01:36 UTC] PHP Notice:  Undefined index: seasoned in /home/ubuntu/workspace/show-prices.php on line 56
[27-Feb-2015 16:01:36 UTC] PHP Notice:  Undefined index: hard in /home/ubuntu/workspace/show-prices.php on line 62
[27-Feb-2015 16:01:36 UTC] PHP Notice:  Undefined index: silk in /home/ubuntu/workspace/show-prices.php on line 76
[27-Feb-2015 16:01:36 UTC] PHP Notice:  Undefined index: wool in /home/ubuntu/workspace/show-prices.php on line 82
[27-Feb-2015 16:01:36 UTC] PHP Notice:  Undefined index: cotton in /home/ubuntu/workspace/show-prices.php on line 88
[27-Feb-2015 16:01:36 UTC] PHP Notice:  Undefined index: linen in /home/ubuntu/workspace/show-prices.php on line 94
[27-Feb-2015 16:01:36 UTC] PHP Notice:  Undefined index: marketIngot in /home/ubuntu/workspace/show-prices.php on line 107
[27-Feb-2015 16:01:36 UTC] PHP Notice:  Undefined index: marketPlank in /home/ubuntu/workspace/show-prices.php on line 113
[27-Feb-2015 16:01:36 UTC] PHP Notice:  Undefined index: marketBolt in /home/ubuntu/workspace/show-prices.php on line 119
[27-Feb-2015 16:06:55 UTC] PHP Notice:  Undefined index: mith in /home/ubuntu/workspace/show-prices.php on line 13
[27-Feb-2015 16:06:55 UTC] PHP Notice:  Undefined index: iron in /home/ubuntu/workspace/show-prices.php on line 20
[27-Feb-2015 16:06:55 UTC] PHP Notice:  Undefined index: plat in /home/ubuntu/workspace/show-prices.php on line 30
[27-Feb-2015 16:06:55 UTC] PHP Notice:  Undefined index: elder in /home/ubuntu/workspace/show-prices.php on line 43
[27-Feb-2015 16:06:55 UTC] PHP Notice:  Undefined index: soft in /home/ubuntu/workspace/show-prices.php on line 50
[27-Feb-2015 16:06:55 UTC] PHP Notice:  Undefined index: seasoned in /home/ubuntu/workspace/show-prices.php on line 56
[27-Feb-2015 16:06:55 UTC] PHP Notice:  Undefined index: hard in /home/ubuntu/workspace/show-prices.php on line 62
[27-Feb-2015 16:06:55 UTC] PHP Notice:  Undefined index: silk in /home/ubuntu/workspace/show-prices.php on line 76
[27-Feb-2015 16:06:55 UTC] PHP Notice:  Undefined index: wool in /home/ubuntu/workspace/show-prices.php on line 82
[27-Feb-2015 16:06:55 UTC] PHP Notice:  Undefined index: cotton in /home/ubuntu/workspace/show-prices.php on line 88
[27-Feb-2015 16:06:55 UTC] PHP Notice:  Undefined index: linen in /home/ubuntu/workspace/show-prices.php on line 94
[27-Feb-2015 16:06:55 UTC] PHP Notice:  Undefined index: marketIngot in /home/ubuntu/workspace/show-prices.php on line 107
[27-Feb-2015 16:06:55 UTC] PHP Notice:  Undefined index: marketPlank in /home/ubuntu/workspace/show-prices.php on line 113
[27-Feb-2015 16:06:55 UTC] PHP Notice:  Undefined index: marketBolt in /home/ubuntu/workspace/show-prices.php on line 119
[27-Feb-2015 16:08:38 UTC] PHP Notice:  Undefined index: mith in /home/ubuntu/workspace/show-prices.php on line 13
[27-Feb-2015 16:08:38 UTC] PHP Notice:  Undefined index: iron in /home/ubuntu/workspace/show-prices.php on line 20
[27-Feb-2015 16:08:38 UTC] PHP Notice:  Undefined index: plat in /home/ubuntu/workspace/show-prices.php on line 30
[27-Feb-2015 16:08:38 UTC] PHP Notice:  Undefined index: elder in /home/ubuntu/workspace/show-prices.php on line 43
[27-Feb-2015 16:08:38 UTC] PHP Notice:  Undefined index: soft in /home/ubuntu/workspace/show-prices.php on line 50
[27-Feb-2015 16:08:38 UTC] PHP Notice:  Undefined index: seasoned in /home/ubuntu/workspace/show-prices.php on line 56
[27-Feb-2015 16:08:38 UTC] PHP Notice:  Undefined index: hard in /home/ubuntu/workspace/show-prices.php on line 62
[27-Feb-2015 16:08:38 UTC] PHP Notice:  Undefined index: silk in /home/ubuntu/workspace/show-prices.php on line 76
[27-Feb-2015 16:08:38 UTC] PHP Notice:  Undefined index: wool in /home/ubuntu/workspace/show-prices.php on line 82
[27-Feb-2015 16:08:38 UTC] PHP Notice:  Undefined index: cotton in /home/ubuntu/workspace/show-prices.php on line 88
[27-Feb-2015 16:08:38 UTC] PHP Notice:  Undefined index: linen in /home/ubuntu/workspace/show-prices.php on line 94
[27-Feb-2015 16:08:38 UTC] PHP Notice:  Undefined index: marketIngot in /home/ubuntu/workspace/show-prices.php on line 107
[27-Feb-2015 16:08:38 UTC] PHP Notice:  Undefined index: marketPlank in /home/ubuntu/workspace/show-prices.php on line 113
[27-Feb-2015 16:08:38 UTC] PHP Notice:  Undefined index: marketBolt in /home/ubuntu/workspace/show-prices.php on line 119
[27-Feb-2015 22:13:32 UTC] PHP Fatal error:  Unsupported operand types in /home/ubuntu/workspace/show-prices.php on line 14
[27-Feb-2015 22:22:01 UTC] PHP Fatal error:  Unsupported operand types in /home/ubuntu/workspace/show-prices.php on line 14
[27-Feb-2015 22:32:03 UTC] PHP Fatal error:  Unsupported operand types in /home/ubuntu/workspace/show-prices.php on line 14
[27-Feb-2015 22:32:31 UTC] PHP Fatal error:  Unsupported operand types in /home/ubuntu/workspace/get-prices.php on line 134
[27-Feb-2015 22:33:25 UTC] PHP Notice:  Undefined offset: 1 in /home/ubuntu/workspace/get-prices.php on line 102
[27-Feb-2015 22:33:25 UTC] PHP Notice:  Undefined offset: 2 in /home/ubuntu/workspace/get-prices.php on line 103
[27-Feb-2015 22:33:25 UTC] PHP Notice:  Undefined offset: 3 in /home/ubuntu/workspace/get-prices.php on line 106
[27-Feb-2015 22:33:25 UTC] PHP Notice:  Undefined offset: 4 in /home/ubuntu/workspace/get-prices.php on line 107
[27-Feb-2015 22:33:25 UTC] PHP Notice:  Undefined offset: 5 in /home/ubuntu/workspace/get-prices.php on line 108
[27-Feb-2015 22:33:25 UTC] PHP Notice:  Undefined offset: 6 in /home/ubuntu/workspace/get-prices.php on line 109
[27-Feb-2015 22:33:25 UTC] PHP Notice:  Undefined offset: 7 in /home/ubuntu/workspace/get-prices.php on line 112
[27-Feb-2015 22:33:25 UTC] PHP Notice:  Undefined offset: 8 in /home/ubuntu/workspace/get-prices.php on line 113
[27-Feb-2015 22:33:25 UTC] PHP Notice:  Undefined offset: 9 in /home/ubuntu/workspace/get-prices.php on line 114
[27-Feb-2015 22:33:25 UTC] PHP Notice:  Undefined offset: 10 in /home/ubuntu/workspace/get-prices.php on line 115
[27-Feb-2015 22:33:25 UTC] PHP Notice:  Undefined offset: 11 in /home/ubuntu/workspace/get-prices.php on line 118
[27-Feb-2015 22:33:25 UTC] PHP Notice:  Undefined offset: 12 in /home/ubuntu/workspace/get-prices.php on line 119
[27-Feb-2015 22:33:25 UTC] PHP Notice:  Undefined offset: 13 in /home/ubuntu/workspace/get-prices.php on line 120
[27-Feb-2015 23:10:23 UTC] PHP Notice:  Undefined offset: 14 in /home/ubuntu/workspace/get-prices.php on line 132
[02-Mar-2015 08:34:32 UTC] PHP Notice:  unserialize(): Error at offset 0 of 4 bytes in /home/ubuntu/workspace/get-prices.php on line 110
[02-Mar-2015 08:38:12 UTC] PHP Notice:  Undefined index: mith in /home/ubuntu/workspace/get-prices.php on line 110
[02-Mar-2015 08:38:12 UTC] PHP Notice:  Undefined index: mith in /home/ubuntu/workspace/get-prices.php on line 111
[02-Mar-2015 08:38:12 UTC] PHP Notice:  Undefined index: mith in /home/ubuntu/workspace/get-prices.php on line 112
[02-Mar-2015 08:39:49 UTC] PHP Notice:  Undefined variable: dataArray in /home/ubuntu/workspace/get-prices.php on line 104
[02-Mar-2015 08:39:49 UTC] PHP Notice:  Undefined index: mith in /home/ubuntu/workspace/get-prices.php on line 111
[02-Mar-2015 08:39:49 UTC] PHP Notice:  Undefined index: mith in /home/ubuntu/workspace/get-prices.php on line 112
[02-Mar-2015 08:39:49 UTC] PHP Notice:  Undefined index: mith in /home/ubuntu/workspace/get-prices.php on line 113
[02-Mar-2015 08:40:08 UTC] PHP Notice:  Undefined index: mith in /home/ubuntu/workspace/get-prices.php on line 111
[02-Mar-2015 08:40:08 UTC] PHP Notice:  Undefined index: mith in /home/ubuntu/workspace/get-prices.php on line 112
[02-Mar-2015 08:40:08 UTC] PHP Notice:  Undefined index: mith in /home/ubuntu/workspace/get-prices.php on line 113
[02-Mar-2015 08:42:50 UTC] PHP Notice:  Undefined variable: dataArray in /home/ubuntu/workspace/get-prices.php on line 104
[02-Mar-2015 08:42:50 UTC] PHP Notice:  Undefined index: mith in /home/ubuntu/workspace/get-prices.php on line 111
[02-Mar-2015 08:42:50 UTC] PHP Notice:  Undefined index: mith in /home/ubuntu/workspace/get-prices.php on line 112
[02-Mar-2015 08:42:50 UTC] PHP Notice:  Undefined index: mith in /home/ubuntu/workspace/get-prices.php on line 113
[02-Mar-2015 08:43:02 UTC] PHP Notice:  Undefined index: mith in /home/ubuntu/workspace/get-prices.php on line 111
[02-Mar-2015 08:43:02 UTC] PHP Notice:  Undefined index: mith in /home/ubuntu/workspace/get-prices.php on line 112
[02-Mar-2015 08:43:02 UTC] PHP Notice:  Undefined index: mith in /home/ubuntu/workspace/get-prices.php on line 113
[02-Mar-2015 09:34:18 UTC] PHP Notice:  Undefined variable: dataArray in /home/ubuntu/workspace/get-prices.php on line 77
[02-Mar-2015 09:34:18 UTC] PHP Notice:  Undefined index: mith in /home/ubuntu/workspace/get-prices.php on line 84
[02-Mar-2015 09:34:18 UTC] PHP Notice:  Undefined index: mith in /home/ubuntu/workspace/get-prices.php on line 85
[02-Mar-2015 09:34:18 UTC] PHP Notice:  Undefined index: mith in /home/ubuntu/workspace/get-prices.php on line 86
[02-Mar-2015 09:34:28 UTC] PHP Notice:  Undefined index: mith in /home/ubuntu/workspace/get-prices.php on line 84
[02-Mar-2015 09:34:28 UTC] PHP Notice:  Undefined index: mith in /home/ubuntu/workspace/get-prices.php on line 85
[02-Mar-2015 09:34:28 UTC] PHP Notice:  Undefined index: mith in /home/ubuntu/workspace/get-prices.php on line 86
[02-Mar-2015 09:34:28 UTC] PHP Notice:  Undefined offset: 3 in /home/ubuntu/workspace/get-prices.php on line 89
[02-Mar-2015 09:34:28 UTC] PHP Notice:  Undefined offset: 4 in /home/ubuntu/workspace/get-prices.php on line 90
[02-Mar-2015 09:34:28 UTC] PHP Notice:  Undefined offset: 5 in /home/ubuntu/workspace/get-prices.php on line 91
[02-Mar-2015 09:34:28 UTC] PHP Notice:  Undefined offset: 6 in /home/ubuntu/workspace/get-prices.php on line 92
[02-Mar-2015 09:34:28 UTC] PHP Notice:  Undefined offset: 7 in /home/ubuntu/workspace/get-prices.php on line 95
[02-Mar-2015 09:34:28 UTC] PHP Notice:  Undefined offset: 8 in /home/ubuntu/workspace/get-prices.php on line 96
[02-Mar-2015 09:34:28 UTC] PHP Notice:  Undefined offset: 9 in /home/ubuntu/workspace/get-prices.php on line 97
[02-Mar-2015 09:34:28 UTC] PHP Notice:  Undefined offset: 10 in /home/ubuntu/workspace/get-prices.php on line 98
[02-Mar-2015 09:34:28 UTC] PHP Notice:  Undefined offset: 11 in /home/ubuntu/workspace/get-prices.php on line 101
[02-Mar-2015 09:34:28 UTC] PHP Notice:  Undefined offset: 12 in /home/ubuntu/workspace/get-prices.php on line 102
[02-Mar-2015 09:34:28 UTC] PHP Notice:  Undefined offset: 13 in /home/ubuntu/workspace/get-prices.php on line 103
[02-Mar-2015 09:34:28 UTC] PHP Notice:  Undefined offset: 14 in /home/ubuntu/workspace/get-prices.php on line 106
[02-Mar-2015 09:35:53 UTC] PHP Notice:  Undefined variable: dataArray in /home/ubuntu/workspace/get-prices.php on line 77
[02-Mar-2015 09:35:53 UTC] PHP Notice:  unserialize(): Error at offset 0 of 1 bytes in /home/ubuntu/workspace/get-prices.php on line 84
[02-Mar-2015 09:35:53 UTC] PHP Notice:  unserialize(): Error at offset 0 of 1 bytes in /home/ubuntu/workspace/get-prices.php on line 85
[02-Mar-2015 09:35:53 UTC] PHP Notice:  unserialize(): Error at offset 0 of 1 bytes in /home/ubuntu/workspace/get-prices.php on line 86
[02-Mar-2015 09:35:53 UTC] PHP Notice:  Undefined offset: 3 in /home/ubuntu/workspace/get-prices.php on line 89
[02-Mar-2015 09:35:53 UTC] PHP Notice:  Undefined offset: 4 in /home/ubuntu/workspace/get-prices.php on line 90
[02-Mar-2015 09:35:53 UTC] PHP Notice:  Undefined offset: 5 in /home/ubuntu/workspace/get-prices.php on line 91
[02-Mar-2015 09:35:53 UTC] PHP Notice:  Undefined offset: 6 in /home/ubuntu/workspace/get-prices.php on line 92
[02-Mar-2015 09:35:53 UTC] PHP Notice:  Undefined offset: 7 in /home/ubuntu/workspace/get-prices.php on line 95
[02-Mar-2015 09:35:53 UTC] PHP Notice:  Undefined offset: 8 in /home/ubuntu/workspace/get-prices.php on line 96
[02-Mar-2015 09:35:53 UTC] PHP Notice:  Undefined offset: 9 in /home/ubuntu/workspace/get-prices.php on line 97
[02-Mar-2015 09:35:53 UTC] PHP Notice:  Undefined offset: 10 in /home/ubuntu/workspace/get-prices.php on line 98
[02-Mar-2015 09:35:53 UTC] PHP Notice:  Undefined offset: 11 in /home/ubuntu/workspace/get-prices.php on line 101
[02-Mar-2015 09:35:53 UTC] PHP Notice:  Undefined offset: 12 in /home/ubuntu/workspace/get-prices.php on line 102
[02-Mar-2015 09:35:53 UTC] PHP Notice:  Undefined offset: 13 in /home/ubuntu/workspace/get-prices.php on line 103
[02-Mar-2015 09:35:53 UTC] PHP Notice:  Undefined offset: 14 in /home/ubuntu/workspace/get-prices.php on line 106
[02-Mar-2015 09:36:21 UTC] PHP Notice:  unserialize(): Error at offset 0 of 1 bytes in /home/ubuntu/workspace/get-prices.php on line 84
[02-Mar-2015 09:36:21 UTC] PHP Notice:  unserialize(): Error at offset 0 of 1 bytes in /home/ubuntu/workspace/get-prices.php on line 85
[02-Mar-2015 09:36:21 UTC] PHP Notice:  unserialize(): Error at offset 0 of 1 bytes in /home/ubuntu/workspace/get-prices.php on line 86
[02-Mar-2015 09:36:21 UTC] PHP Notice:  Undefined offset: 3 in /home/ubuntu/workspace/get-prices.php on line 89
[02-Mar-2015 09:36:21 UTC] PHP Notice:  Undefined offset: 4 in /home/ubuntu/workspace/get-prices.php on line 90
[02-Mar-2015 09:36:21 UTC] PHP Notice:  Undefined offset: 5 in /home/ubuntu/workspace/get-prices.php on line 91
[02-Mar-2015 09:36:21 UTC] PHP Notice:  Undefined offset: 6 in /home/ubuntu/workspace/get-prices.php on line 92
[02-Mar-2015 09:36:21 UTC] PHP Notice:  Undefined offset: 7 in /home/ubuntu/workspace/get-prices.php on line 95
[02-Mar-2015 09:36:21 UTC] PHP Notice:  Undefined offset: 8 in /home/ubuntu/workspace/get-prices.php on line 96
[02-Mar-2015 09:36:21 UTC] PHP Notice:  Undefined offset: 9 in /home/ubuntu/workspace/get-prices.php on line 97
[02-Mar-2015 09:36:21 UTC] PHP Notice:  Undefined offset: 10 in /home/ubuntu/workspace/get-prices.php on line 98
[02-Mar-2015 09:36:21 UTC] PHP Notice:  Undefined offset: 11 in /home/ubuntu/workspace/get-prices.php on line 101
[02-Mar-2015 09:36:21 UTC] PHP Notice:  Undefined offset: 12 in /home/ubuntu/workspace/get-prices.php on line 102
[02-Mar-2015 09:36:21 UTC] PHP Notice:  Undefined offset: 13 in /home/ubuntu/workspace/get-prices.php on line 103
[02-Mar-2015 09:36:21 UTC] PHP Notice:  Undefined offset: 14 in /home/ubuntu/workspace/get-prices.php on line 106
[02-Mar-2015 09:37:27 UTC] PHP Notice:  Undefined variable: dataArray in /home/ubuntu/workspace/get-prices.php on line 77
[02-Mar-2015 09:37:27 UTC] PHP Notice:  unserialize(): Error at offset 0 of 1 bytes in /home/ubuntu/workspace/get-prices.php on line 85
[02-Mar-2015 09:37:27 UTC] PHP Notice:  unserialize(): Error at offset 0 of 1 bytes in /home/ubuntu/workspace/get-prices.php on line 86
[02-Mar-2015 09:37:27 UTC] PHP Notice:  Undefined offset: 3 in /home/ubuntu/workspace/get-prices.php on line 89
[02-Mar-2015 09:37:27 UTC] PHP Notice:  Undefined offset: 4 in /home/ubuntu/workspace/get-prices.php on line 90
[02-Mar-2015 09:37:27 UTC] PHP Notice:  Undefined offset: 5 in /home/ubuntu/workspace/get-prices.php on line 91
[02-Mar-2015 09:37:27 UTC] PHP Notice:  Undefined offset: 6 in /home/ubuntu/workspace/get-prices.php on line 92
[02-Mar-2015 09:37:27 UTC] PHP Notice:  Undefined offset: 7 in /home/ubuntu/workspace/get-prices.php on line 95
[02-Mar-2015 09:37:27 UTC] PHP Notice:  Undefined offset: 8 in /home/ubuntu/workspace/get-prices.php on line 96
[02-Mar-2015 09:37:27 UTC] PHP Notice:  Undefined offset: 9 in /home/ubuntu/workspace/get-prices.php on line 97
[02-Mar-2015 09:37:27 UTC] PHP Notice:  Undefined offset: 10 in /home/ubuntu/workspace/get-prices.php on line 98
[02-Mar-2015 09:37:27 UTC] PHP Notice:  Undefined offset: 11 in /home/ubuntu/workspace/get-prices.php on line 101
[02-Mar-2015 09:37:27 UTC] PHP Notice:  Undefined offset: 12 in /home/ubuntu/workspace/get-prices.php on line 102
[02-Mar-2015 09:37:27 UTC] PHP Notice:  Undefined offset: 13 in /home/ubuntu/workspace/get-prices.php on line 103
[02-Mar-2015 09:37:27 UTC] PHP Notice:  Undefined offset: 14 in /home/ubuntu/workspace/get-prices.php on line 106
[02-Mar-2015 09:37:35 UTC] PHP Notice:  unserialize(): Error at offset 0 of 1 bytes in /home/ubuntu/workspace/get-prices.php on line 85
[02-Mar-2015 09:37:35 UTC] PHP Notice:  unserialize(): Error at offset 0 of 1 bytes in /home/ubuntu/workspace/get-prices.php on line 86
[02-Mar-2015 09:37:35 UTC] PHP Notice:  Undefined offset: 3 in /home/ubuntu/workspace/get-prices.php on line 89
[02-Mar-2015 09:37:35 UTC] PHP Notice:  Undefined offset: 4 in /home/ubuntu/workspace/get-prices.php on line 90
[02-Mar-2015 09:37:35 UTC] PHP Notice:  Undefined offset: 5 in /home/ubuntu/workspace/get-prices.php on line 91
[02-Mar-2015 09:37:35 UTC] PHP Notice:  Undefined offset: 6 in /home/ubuntu/workspace/get-prices.php on line 92
[02-Mar-2015 09:37:35 UTC] PHP Notice:  Undefined offset: 7 in /home/ubuntu/workspace/get-prices.php on line 95
[02-Mar-2015 09:37:35 UTC] PHP Notice:  Undefined offset: 8 in /home/ubuntu/workspace/get-prices.php on line 96
[02-Mar-2015 09:37:35 UTC] PHP Notice:  Undefined offset: 9 in /home/ubuntu/workspace/get-prices.php on line 97
[02-Mar-2015 09:37:35 UTC] PHP Notice:  Undefined offset: 10 in /home/ubuntu/workspace/get-prices.php on line 98
[02-Mar-2015 09:37:35 UTC] PHP Notice:  Undefined offset: 11 in /home/ubuntu/workspace/get-prices.php on line 101
[02-Mar-2015 09:37:35 UTC] PHP Notice:  Undefined offset: 12 in /home/ubuntu/workspace/get-prices.php on line 102
[02-Mar-2015 09:37:35 UTC] PHP Notice:  Undefined offset: 13 in /home/ubuntu/workspace/get-prices.php on line 103
[02-Mar-2015 09:37:35 UTC] PHP Notice:  Undefined offset: 14 in /home/ubuntu/workspace/get-prices.php on line 106
[02-Mar-2015 09:39:53 UTC] PHP Notice:  Undefined variable: dataArray in /home/ubuntu/workspace/get-prices.php on line 77
[02-Mar-2015 09:39:53 UTC] PHP Notice:  Undefined offset: 3 in /home/ubuntu/workspace/get-prices.php on line 89
[02-Mar-2015 09:39:53 UTC] PHP Notice:  Undefined offset: 4 in /home/ubuntu/workspace/get-prices.php on line 90
[02-Mar-2015 09:39:53 UTC] PHP Notice:  Undefined offset: 5 in /home/ubuntu/workspace/get-prices.php on line 91
[02-Mar-2015 09:39:53 UTC] PHP Notice:  Undefined offset: 6 in /home/ubuntu/workspace/get-prices.php on line 92
[02-Mar-2015 09:39:53 UTC] PHP Notice:  Undefined offset: 7 in /home/ubuntu/workspace/get-prices.php on line 95
[02-Mar-2015 09:39:53 UTC] PHP Notice:  Undefined offset: 8 in /home/ubuntu/workspace/get-prices.php on line 96
[02-Mar-2015 09:39:53 UTC] PHP Notice:  Undefined offset: 9 in /home/ubuntu/workspace/get-prices.php on line 97
[02-Mar-2015 09:39:53 UTC] PHP Notice:  Undefined offset: 10 in /home/ubuntu/workspace/get-prices.php on line 98
[02-Mar-2015 09:39:53 UTC] PHP Notice:  Undefined offset: 11 in /home/ubuntu/workspace/get-prices.php on line 101
[02-Mar-2015 09:39:53 UTC] PHP Notice:  Undefined offset: 12 in /home/ubuntu/workspace/get-prices.php on line 102
[02-Mar-2015 09:39:53 UTC] PHP Notice:  Undefined offset: 13 in /home/ubuntu/workspace/get-prices.php on line 103
[02-Mar-2015 09:39:53 UTC] PHP Notice:  Undefined offset: 14 in /home/ubuntu/workspace/get-prices.php on line 106
[02-Mar-2015 09:40:00 UTC] PHP Notice:  Undefined offset: 3 in /home/ubuntu/workspace/get-prices.php on line 89
[02-Mar-2015 09:40:00 UTC] PHP Notice:  Undefined offset: 4 in /home/ubuntu/workspace/get-prices.php on line 90
[02-Mar-2015 09:40:00 UTC] PHP Notice:  Undefined offset: 5 in /home/ubuntu/workspace/get-prices.php on line 91
[02-Mar-2015 09:40:00 UTC] PHP Notice:  Undefined offset: 6 in /home/ubuntu/workspace/get-prices.php on line 92
[02-Mar-2015 09:40:00 UTC] PHP Notice:  Undefined offset: 7 in /home/ubuntu/workspace/get-prices.php on line 95
[02-Mar-2015 09:40:00 UTC] PHP Notice:  Undefined offset: 8 in /home/ubuntu/workspace/get-prices.php on line 96
[02-Mar-2015 09:40:00 UTC] PHP Notice:  Undefined offset: 9 in /home/ubuntu/workspace/get-prices.php on line 97
[02-Mar-2015 09:40:00 UTC] PHP Notice:  Undefined offset: 10 in /home/ubuntu/workspace/get-prices.php on line 98
[02-Mar-2015 09:40:00 UTC] PHP Notice:  Undefined offset: 11 in /home/ubuntu/workspace/get-prices.php on line 101
[02-Mar-2015 09:40:00 UTC] PHP Notice:  Undefined offset: 12 in /home/ubuntu/workspace/get-prices.php on line 102
[02-Mar-2015 09:40:00 UTC] PHP Notice:  Undefined offset: 13 in /home/ubuntu/workspace/get-prices.php on line 103
[02-Mar-2015 09:40:00 UTC] PHP Notice:  Undefined offset: 14 in /home/ubuntu/workspace/get-prices.php on line 106
[02-Mar-2015 09:42:25 UTC] PHP Notice:  Undefined variable: dataArray in /home/ubuntu/workspace/get-prices.php on line 77
[02-Mar-2015 09:51:52 UTC] PHP Notice:  Undefined offset: 14 in /home/ubuntu/workspace/show-prices.php on line 8
[02-Mar-2015 09:51:52 UTC] PHP Notice:  Undefined offset: 0 in /home/ubuntu/workspace/show-prices.php on line 14
[02-Mar-2015 09:51:52 UTC] PHP Notice:  Undefined offset: 1 in /home/ubuntu/workspace/show-prices.php on line 20
[02-Mar-2015 09:51:52 UTC] PHP Notice:  Undefined offset: 2 in /home/ubuntu/workspace/show-prices.php on line 29
[02-Mar-2015 09:51:52 UTC] PHP Notice:  Undefined offset: 3 in /home/ubuntu/workspace/show-prices.php on line 41
[02-Mar-2015 09:51:52 UTC] PHP Notice:  Undefined offset: 4 in /home/ubuntu/workspace/show-prices.php on line 47
[02-Mar-2015 09:51:52 UTC] PHP Notice:  Undefined offset: 5 in /home/ubuntu/workspace/show-prices.php on line 52
[02-Mar-2015 09:51:52 UTC] PHP Notice:  Undefined offset: 6 in /home/ubuntu/workspace/show-prices.php on line 57
[02-Mar-2015 09:51:52 UTC] PHP Notice:  Undefined offset: 7 in /home/ubuntu/workspace/show-prices.php on line 69
[02-Mar-2015 09:51:52 UTC] PHP Notice:  Undefined offset: 8 in /home/ubuntu/workspace/show-prices.php on line 75
[02-Mar-2015 09:51:52 UTC] PHP Notice:  Undefined offset: 9 in /home/ubuntu/workspace/show-prices.php on line 80
[02-Mar-2015 09:51:52 UTC] PHP Notice:  Undefined offset: 10 in /home/ubuntu/workspace/show-prices.php on line 85
[02-Mar-2015 09:51:52 UTC] PHP Notice:  Undefined offset: 11 in /home/ubuntu/workspace/show-prices.php on line 97
[02-Mar-2015 09:51:52 UTC] PHP Notice:  Undefined offset: 12 in /home/ubuntu/workspace/show-prices.php on line 102
[02-Mar-2015 09:51:52 UTC] PHP Notice:  Undefined offset: 13 in /home/ubuntu/workspace/show-prices.php on line 107
[02-Mar-2015 11:44:59 UTC] PHP Notice:  Undefined index: price_mith_gold in /home/ubuntu/workspace/get-prices.php on line 22
[02-Mar-2015 11:44:59 UTC] PHP Notice:  Undefined variable: tpye in /home/ubuntu/workspace/get-prices.php on line 23
[02-Mar-2015 11:44:59 UTC] PHP Notice:  Undefined index: price__slvr in /home/ubuntu/workspace/get-prices.php on line 23
[02-Mar-2015 11:44:59 UTC] PHP Notice:  Undefined index: price_mith_cppr in /home/ubuntu/workspace/get-prices.php on line 24
[02-Mar-2015 11:44:59 UTC] PHP Notice:  Undefined variable: tpye in /home/ubuntu/workspace/get-prices.php on line 23
[02-Mar-2015 11:44:59 UTC] PHP Notice:  Undefined index: price__slvr in /home/ubuntu/workspace/get-prices.php on line 23
[02-Mar-2015 11:44:59 UTC] PHP Notice:  Undefined variable: tpye in /home/ubuntu/workspace/get-prices.php on line 23
[02-Mar-2015 11:44:59 UTC] PHP Notice:  Undefined index: price__slvr in /home/ubuntu/workspace/get-prices.php on line 23
[02-Mar-2015 11:44:59 UTC] PHP Notice:  Undefined variable: tpye in /home/ubuntu/workspace/get-prices.php on line 23
[02-Mar-2015 11:44:59 UTC] PHP Notice:  Undefined index: price__slvr in /home/ubuntu/workspace/get-prices.php on line 23
[02-Mar-2015 11:44:59 UTC] PHP Notice:  Undefined variable: tpye in /home/ubuntu/workspace/get-prices.php on line 23
[02-Mar-2015 11:44:59 UTC] PHP Notice:  Undefined index: price__slvr in /home/ubuntu/workspace/get-prices.php on line 23
[02-Mar-2015 11:44:59 UTC] PHP Notice:  Undefined variable: tpye in /home/ubuntu/workspace/get-prices.php on line 23
[02-Mar-2015 11:44:59 UTC] PHP Notice:  Undefined index: price__slvr in /home/ubuntu/workspace/get-prices.php on line 23
[02-Mar-2015 11:44:59 UTC] PHP Notice:  Undefined variable: tpye in /home/ubuntu/workspace/get-prices.php on line 23
[02-Mar-2015 11:44:59 UTC] PHP Notice:  Undefined index: price__slvr in /home/ubuntu/workspace/get-prices.php on line 23
[02-Mar-2015 11:44:59 UTC] PHP Notice:  Undefined variable: tpye in /home/ubuntu/workspace/get-prices.php on line 23
[02-Mar-2015 11:44:59 UTC] PHP Notice:  Undefined index: price__slvr in /home/ubuntu/workspace/get-prices.php on line 23
[02-Mar-2015 11:44:59 UTC] PHP Notice:  Undefined variable: tpye in /home/ubuntu/workspace/get-prices.php on line 23
[02-Mar-2015 11:44:59 UTC] PHP Notice:  Undefined index: price__slvr in /home/ubuntu/workspace/get-prices.php on line 23
[02-Mar-2015 11:44:59 UTC] PHP Notice:  Undefined variable: tpye in /home/ubuntu/workspace/get-prices.php on line 23
[02-Mar-2015 11:44:59 UTC] PHP Notice:  Undefined index: price__slvr in /home/ubuntu/workspace/get-prices.php on line 23
[02-Mar-2015 11:44:59 UTC] PHP Notice:  Undefined variable: tpye in /home/ubuntu/workspace/get-prices.php on line 23
[02-Mar-2015 11:44:59 UTC] PHP Notice:  Undefined index: price__slvr in /home/ubuntu/workspace/get-prices.php on line 23
[02-Mar-2015 11:44:59 UTC] PHP Notice:  Undefined variable: tpye in /home/ubuntu/workspace/get-prices.php on line 23
[02-Mar-2015 11:44:59 UTC] PHP Notice:  Undefined index: price__slvr in /home/ubuntu/workspace/get-prices.php on line 23
[02-Mar-2015 11:44:59 UTC] PHP Notice:  Undefined variable: tpye in /home/ubuntu/workspace/get-prices.php on line 23
[02-Mar-2015 11:44:59 UTC] PHP Notice:  Undefined index: price__slvr in /home/ubuntu/workspace/get-prices.php on line 23
[02-Mar-2015 11:44:59 UTC] PHP Notice:  Undefined variable: tpye in /home/ubuntu/workspace/get-prices.php on line 23
[02-Mar-2015 11:44:59 UTC] PHP Notice:  Undefined index: price__slvr in /home/ubuntu/workspace/get-prices.php on line 23
[02-Mar-2015 11:44:59 UTC] PHP Notice:  Undefined variable: tpye in /home/ubuntu/workspace/get-prices.php on line 23
[02-Mar-2015 11:44:59 UTC] PHP Notice:  Undefined index: price__slvr in /home/ubuntu/workspace/get-prices.php on line 23
[02-Mar-2015 11:49:35 UTC] PHP Notice:  Undefined index: price_mith_gold in /home/ubuntu/workspace/get-prices.php on line 22
[02-Mar-2015 11:49:36 UTC] PHP Notice:  Undefined index: price_mith_slvr in /home/ubuntu/workspace/get-prices.php on line 23
[02-Mar-2015 11:49:36 UTC] PHP Notice:  Undefined index: price_mith_cppr in /home/ubuntu/workspace/get-prices.php on line 24
[02-Mar-2015 11:52:33 UTC] PHP Notice:  Undefined index: price_mith_gold in /home/ubuntu/workspace/get-prices.php on line 22
[02-Mar-2015 11:52:33 UTC] PHP Notice:  Undefined index: price_mith_slvr in /home/ubuntu/workspace/get-prices.php on line 23
[02-Mar-2015 11:52:33 UTC] PHP Notice:  Undefined index: price_mith_cppr in /home/ubuntu/workspace/get-prices.php on line 24
[02-Mar-2015 11:57:57 UTC] PHP Notice:  Undefined index: price_mith_gold in /home/ubuntu/workspace/get-prices.php on line 22
[02-Mar-2015 11:57:57 UTC] PHP Notice:  Undefined index: price_mith_slvr in /home/ubuntu/workspace/get-prices.php on line 23
[02-Mar-2015 11:57:57 UTC] PHP Notice:  Undefined index: price_mith_cppr in /home/ubuntu/workspace/get-prices.php on line 24
[02-Mar-2015 11:58:09 UTC] PHP Notice:  Undefined index: price_mith_gold in /home/ubuntu/workspace/get-prices.php on line 22
[02-Mar-2015 11:58:09 UTC] PHP Notice:  Undefined index: price_mith_slvr in /home/ubuntu/workspace/get-prices.php on line 23
[02-Mar-2015 11:58:09 UTC] PHP Notice:  Undefined index: price_mith_cppr in /home/ubuntu/workspace/get-prices.php on line 24
[03-Mar-2015 14:13:15 UTC] PHP Fatal error:  Call to undefined function coinToInt() in /home/ubuntu/workspace/test.php on line 173
